<?xml version="1.0" encoding="UTF-8"?>
<testng-results skipped="0" failed="0" ignored="0" total="2" passed="2">
  <reporter-output>
  </reporter-output>
  <suite name="Default suite" duration-ms="23446" started-at="2019-10-12T10:03:03Z" finished-at="2019-10-12T10:03:26Z">
    <groups>
    </groups>
    <test name="Default test" duration-ms="23446" started-at="2019-10-12T10:03:03Z" finished-at="2019-10-12T10:03:26Z">
      <class name="TestSuites.demoSuite">
        <test-method status="PASS" signature="StartExtentReport()[pri:0, instance:TestSuites.demoSuite@dc24521]" name="StartExtentReport" is-config="true" duration-ms="201" started-at="2019-10-12T10:03:03Z" finished-at="2019-10-12T10:03:03Z">
          <reporter-output>
          </reporter-output>
        </test-method> <!-- StartExtentReport -->
        <test-method status="PASS" signature="beforeTest()[pri:0, instance:TestSuites.demoSuite@dc24521]" name="beforeTest" is-config="true" duration-ms="14286" started-at="2019-10-12T10:03:03Z" finished-at="2019-10-12T10:03:17Z">
          <reporter-output>
          </reporter-output>
        </test-method> <!-- beforeTest -->
        <test-method status="PASS" signature="Test1()[pri:1, instance:TestSuites.demoSuite@dc24521]" name="Test1" duration-ms="3113" started-at="2019-10-12T10:03:17Z" finished-at="2019-10-12T10:03:20Z">
          <reporter-output>
          </reporter-output>
        </test-method> <!-- Test1 -->
        <test-method status="PASS" signature="EndReportlooger(org.testng.ITestResult)[pri:0, instance:TestSuites.demoSuite@dc24521]" name="EndReportlooger" is-config="true" duration-ms="914" started-at="2019-10-12T10:03:20Z" finished-at="2019-10-12T10:03:21Z">
          <params>
            <param index="0">
              <value>
                <![CDATA[[TestResult name=Test1 status=SUCCESS method=demoSuite.Test1()[pri:1, instance:TestSuites.demoSuite@dc24521] output={null}]]]>
              </value>
            </param>
          </params>
          <reporter-output>
          </reporter-output>
        </test-method> <!-- EndReportlooger -->
        <test-method status="PASS" signature="Test2()[pri:2, instance:TestSuites.demoSuite@dc24521]" name="Test2" duration-ms="2394" started-at="2019-10-12T10:03:21Z" finished-at="2019-10-12T10:03:24Z">
          <reporter-output>
          </reporter-output>
        </test-method> <!-- Test2 -->
        <test-method status="PASS" signature="EndReportlooger(org.testng.ITestResult)[pri:0, instance:TestSuites.demoSuite@dc24521]" name="EndReportlooger" is-config="true" duration-ms="2227" started-at="2019-10-12T10:03:24Z" finished-at="2019-10-12T10:03:26Z">
          <params>
            <param index="0">
              <value>
                <![CDATA[[TestResult name=Test2 status=SUCCESS method=demoSuite.Test2()[pri:2, instance:TestSuites.demoSuite@dc24521] output={null}]]]>
              </value>
            </param>
          </params>
          <reporter-output>
          </reporter-output>
        </test-method> <!-- EndReportlooger -->
        <test-method status="PASS" signature="EndExtentReport()[pri:0, instance:TestSuites.demoSuite@dc24521]" name="EndExtentReport" is-config="true" duration-ms="494" started-at="2019-10-12T10:03:26Z" finished-at="2019-10-12T10:03:26Z">
          <reporter-output>
          </reporter-output>
        </test-method> <!-- EndExtentReport -->
        <test-method status="PASS" signature="reportfinish()[pri:0, instance:TestSuites.demoSuite@dc24521]" name="reportfinish" is-config="true" duration-ms="99" started-at="2019-10-12T10:03:26Z" finished-at="2019-10-12T10:03:26Z">
          <reporter-output>
          </reporter-output>
        </test-method> <!-- reportfinish -->
      </class> <!-- TestSuites.demoSuite -->
    </test> <!-- Default test -->
  </suite> <!-- Default suite -->
</testng-results>
